<?xml version="1.0" encoding="UTF-8"?>
<!-- Generated by org.testng.reporters.JUnitReportReporter -->
<testsuite hostname="BDC4-L-PF1V7L8G" name="com.alexion.testRunner.RunCucumberTest" tests="2" failures="0" timestamp="16 Jul 2020 14:25:43 GMT" time="40.170" errors="0">
  <testcase name="runScenario" time="16.906" classname="com.alexion.testRunner.RunCucumberTest"/>
  <testcase name="runScenario" time="23.264" classname="com.alexion.testRunner.RunCucumberTest"/>
</testsuite> <!-- com.alexion.testRunner.RunCucumberTest -->
