<?xml version="1.0" encoding="UTF-8"?>
<!-- Generated by org.testng.reporters.JUnitReportReporter -->
<testsuite skipped="0" hostname="BDC4-L-PF1V7L8G" name="com.alexion.testRunner.RunCucumberTest" tests="4" failures="0" timestamp="16 Jul 2020 16:17:48 GMT" time="80.104" errors="0">
  <testcase name="runScenario" time="22.388" classname="com.alexion.testRunner.RunCucumberTest"/>
  <testcase name="runScenario" time="23.213" classname="com.alexion.testRunner.RunCucumberTest"/>
  <testcase name="runScenario" time="18.252" classname="com.alexion.testRunner.RunCucumberTest"/>
  <testcase name="runScenario" time="16.251" classname="com.alexion.testRunner.RunCucumberTest"/>
</testsuite> <!-- com.alexion.testRunner.RunCucumberTest -->
